Reading netlist file: "C:\FPGA\203405025_saat\impl\gwsynthesis\203405025_saat.vg"
Parsing netlist file "C:\FPGA\203405025_saat\impl\gwsynthesis\203405025_saat.vg" completed
Processing netlist completed
Reading constraint file: "C:\FPGA\203405025_saat\src\203405025_saat.cst"
Physical Constraint parsed completed
Running placement......
[10%] Placement Phase 0 completed
[20%] Placement Phase 1 completed
[30%] Placement Phase 2 completed
[50%] Placement Phase 3 completed
Running routing......
[60%] Routing Phase 0 completed
[70%] Routing Phase 1 completed
[80%] Routing Phase 2 completed
[90%] Routing Phase 3 completed
Running timing analysis......
[95%] Timing analysis completed
Placement and routing completed
Bitstream generation in progress......
Bitstream generation completed
Running power analysis......
[100%] Power analysis completed
Generate file "C:\FPGA\203405025_saat\impl\pnr\203405025_saat.power.html" completed
Generate file "C:\FPGA\203405025_saat\impl\pnr\203405025_saat.pin.html" completed
Generate file "C:\FPGA\203405025_saat\impl\pnr\203405025_saat.rpt.html" completed
Generate file "C:\FPGA\203405025_saat\impl\pnr\203405025_saat.rpt.txt" completed
Generate file "C:\FPGA\203405025_saat\impl\pnr\203405025_saat.tr.html" completed
Sun May 21 21:51:59 2023

