Reading netlist file: "C:\FPGA\ders_13_03_2023\impl\gwsynthesis\ders_13_03_2023.vg"
Parsing netlist file "C:\FPGA\ders_13_03_2023\impl\gwsynthesis\ders_13_03_2023.vg" completed
Processing netlist completed
Reading constraint file: "C:\FPGA\ders_13_03_2023\src\ders_13_03_2023.cst"
Physical Constraint parsed completed
Running placement......
[10%] Placement Phase 0 completed
[20%] Placement Phase 1 completed
[30%] Placement Phase 2 completed
[50%] Placement Phase 3 completed
Running routing......
[60%] Routing Phase 0 completed
[70%] Routing Phase 1 completed
[80%] Routing Phase 2 completed
[90%] Routing Phase 3 completed
Running timing analysis......
[95%] Timing analysis completed
Placement and routing completed
Bitstream generation in progress......
Bitstream generation completed
Running power analysis......
[100%] Power analysis completed
Generate file "C:\FPGA\ders_13_03_2023\impl\pnr\ders_13_03_2023.power.html" completed
Generate file "C:\FPGA\ders_13_03_2023\impl\pnr\ders_13_03_2023.pin.html" completed
Generate file "C:\FPGA\ders_13_03_2023\impl\pnr\ders_13_03_2023.rpt.html" completed
Generate file "C:\FPGA\ders_13_03_2023\impl\pnr\ders_13_03_2023.rpt.txt" completed
Generate file "C:\FPGA\ders_13_03_2023\impl\pnr\ders_13_03_2023.tr.html" completed
Sun Apr 02 01:44:34 2023

