Reading netlist file: "C:\FPGA\203405025_trafik_sinyalizasyonu\impl\gwsynthesis\203405025_trafik_sinyalizasyonu.vg"
Parsing netlist file "C:\FPGA\203405025_trafik_sinyalizasyonu\impl\gwsynthesis\203405025_trafik_sinyalizasyonu.vg" completed
Processing netlist completed
Reading constraint file: "C:\FPGA\203405025_trafik_sinyalizasyonu\src\203405025_trafik_sinyalizasyonu.cst"
Physical Constraint parsed completed
Running placement......
[10%] Placement Phase 0 completed
[20%] Placement Phase 1 completed
[30%] Placement Phase 2 completed
[50%] Placement Phase 3 completed
Running routing......
[60%] Routing Phase 0 completed
[70%] Routing Phase 1 completed
[80%] Routing Phase 2 completed
[90%] Routing Phase 3 completed
Running timing analysis......
[95%] Timing analysis completed
Placement and routing completed
Bitstream generation in progress......
Bitstream generation completed
Running power analysis......
[100%] Power analysis completed
Generate file "C:\FPGA\203405025_trafik_sinyalizasyonu\impl\pnr\203405025_trafik_sinyalizasyonu.power.html" completed
Generate file "C:\FPGA\203405025_trafik_sinyalizasyonu\impl\pnr\203405025_trafik_sinyalizasyonu.pin.html" completed
Generate file "C:\FPGA\203405025_trafik_sinyalizasyonu\impl\pnr\203405025_trafik_sinyalizasyonu.rpt.html" completed
Generate file "C:\FPGA\203405025_trafik_sinyalizasyonu\impl\pnr\203405025_trafik_sinyalizasyonu.rpt.txt" completed
Generate file "C:\FPGA\203405025_trafik_sinyalizasyonu\impl\pnr\203405025_trafik_sinyalizasyonu.tr.html" completed
Sun Apr 16 12:15:18 2023

